<?xml version="1.0" encoding="UTF-8"?>
<!-- Generated by org.testng.reporters.JUnitXMLReporter -->
<testsuite ignored="0" hostname="DESKTOP-418OBAA" failures="1" tests="1" name="Login Tests" time="31.64" errors="0" timestamp="2024-07-05T12:58:21 IST">
  <testcase classname="com.opencart.tests.LoginTest" name="validLogin" time="0.013">
    <failure type="java.lang.Error" message="Unresolved compilation problems: 
	LoginPage cannot be resolved to a type
	LoginPage cannot be resolved to a type
	Syntax error on token &amp;quot;)&amp;quot;, delete this token
">
      <![CDATA[java.lang.Error: Unresolved compilation problems: 
LoginPage cannot be resolved to a type
LoginPage cannot be resolved to a type
Syntax error on token ")", delete this token

at com.opencart.tests.LoginTest.validLogin(LoginTest.java:10)
at java.base/java.util.ArrayList.forEach(ArrayList.java:1596)
... Removed 25 stack frames]]>
    </failure>
  </testcase> <!-- validLogin -->
</testsuite> <!-- Login Tests -->
